This file contains any messages produced by compilers while
running configure, to aid debugging if configure makes a mistake.

It was created by configure, which was
generated by GNU Autoconf 2.63.  Invocation command line was

  $ ./configure --enable-maintainer-mode

## --------- ##
## Platform. ##
## --------- ##

hostname = ubuntu
uname -m = i686
uname -r = 2.6.28-13-generic
uname -s = Linux
uname -v = #44-Ubuntu SMP Tue Jun 2 07:57:31 UTC 2009

/usr/bin/uname -p = unknown
/bin/uname -X     = unknown

/bin/arch              = unknown
/usr/bin/arch -k       = unknown
/usr/convex/getsysinfo = unknown
/usr/bin/hostinfo      = unknown
/bin/machine           = unknown
/usr/bin/oslevel       = unknown
/bin/universe          = unknown

PATH: /usr/local/sbin
PATH: /usr/local/bin
PATH: /usr/sbin
PATH: /usr/bin
PATH: /sbin
PATH: /bin
PATH: /usr/games


## ----------- ##
## Core tests. ##
## ----------- ##

configure:2139: checking for a BSD-compatible install
configure:2207: result: /usr/bin/install -c
configure:2218: checking whether build environment is sane
configure:2261: result: yes
configure:2286: checking for a thread-safe mkdir -p
configure:2325: result: /bin/mkdir -p
configure:2338: checking for gawk
configure:2368: result: no
configure:2338: checking for mawk
configure:2354: found /usr/bin/mawk
configure:2365: result: mawk
configure:2376: checking whether make sets $(MAKE)
configure:2398: result: yes
configure:2599: checking whether to enable maintainer-specific portions of Makefiles
configure:2608: result: yes
configure:2642: checking for style of include used by make
configure:2670: result: GNU
configure:2740: checking for gcc
configure:2756: found /usr/bin/gcc
configure:2767: result: gcc
configure:2999: checking for C compiler version
configure:3007: gcc --version >&5
gcc (Ubuntu 4.3.3-5ubuntu4) 4.3.3
Copyright (C) 2008 Free Software Foundation, Inc.
This is free software; see the source for copying conditions.  There is NO
warranty; not even for MERCHANTABILITY or FITNESS FOR A PARTICULAR PURPOSE.

configure:3011: $? = 0
configure:3018: gcc -v >&5
Using built-in specs.
Target: i486-linux-gnu
Configured with: ../src/configure -v --with-pkgversion='Ubuntu 4.3.3-5ubuntu4' --with-bugurl=file:///usr/share/doc/gcc-4.3/README.Bugs --enable-languages=c,c++,fortran,objc,obj-c++ --prefix=/usr --enable-shared --with-system-zlib --libexecdir=/usr/lib --without-included-gettext --enable-threads=posix --enable-nls --with-gxx-include-dir=/usr/include/c++/4.3 --program-suffix=-4.3 --enable-clocale=gnu --enable-libstdcxx-debug --enable-objc-gc --enable-mpfr --enable-targets=all --with-tune=generic --enable-checking=release --build=i486-linux-gnu --host=i486-linux-gnu --target=i486-linux-gnu
Thread model: posix
gcc version 4.3.3 (Ubuntu 4.3.3-5ubuntu4) 
configure:3022: $? = 0
configure:3029: gcc -V >&5
gcc: '-V' option must have argument
configure:3033: $? = 1
configure:3056: checking for C compiler default output file name
configure:3078: gcc    conftest.c  >&5
configure:3082: $? = 0
configure:3120: result: a.out
configure:3139: checking whether the C compiler works
configure:3149: ./a.out
configure:3153: $? = 0
configure:3172: result: yes
configure:3179: checking whether we are cross compiling
configure:3181: result: no
configure:3184: checking for suffix of executables
configure:3191: gcc -o conftest    conftest.c  >&5
configure:3195: $? = 0
configure:3221: result: 
configure:3227: checking for suffix of object files
configure:3253: gcc -c   conftest.c >&5
configure:3257: $? = 0
configure:3282: result: o
configure:3286: checking whether we are using the GNU C compiler
configure:3315: gcc -c   conftest.c >&5
configure:3322: $? = 0
configure:3339: result: yes
configure:3348: checking whether gcc accepts -g
configure:3378: gcc -c -g  conftest.c >&5
configure:3385: $? = 0
configure:3486: result: yes
configure:3503: checking for gcc option to accept ISO C89
configure:3577: gcc  -c -g -O2  conftest.c >&5
configure:3584: $? = 0
configure:3607: result: none needed
configure:3627: checking dependency style of gcc
configure:3718: result: none
configure:3739: checking how to run the C preprocessor
configure:3779: gcc -E  conftest.c
configure:3786: $? = 0
configure:3817: gcc -E  conftest.c
conftest.c:11:28: error: ac_nonexistent.h: No such file or directory
configure:3824: $? = 1
configure: failed program was:
| /* confdefs.h.  */
| #define PACKAGE_NAME ""
| #define PACKAGE_TARNAME ""
| #define PACKAGE_VERSION ""
| #define PACKAGE_STRING ""
| #define PACKAGE_BUGREPORT ""
| #define PACKAGE "mousetrap"
| #define VERSION "0.4"
| #define GETTEXT_PACKAGE "mousetrap"
| /* end confdefs.h.  */
| #include <ac_nonexistent.h>
configure:3857: result: gcc -E
configure:3886: gcc -E  conftest.c
configure:3893: $? = 0
configure:3924: gcc -E  conftest.c
conftest.c:11:28: error: ac_nonexistent.h: No such file or directory
configure:3931: $? = 1
configure: failed program was:
| /* confdefs.h.  */
| #define PACKAGE_NAME ""
| #define PACKAGE_TARNAME ""
| #define PACKAGE_VERSION ""
| #define PACKAGE_STRING ""
| #define PACKAGE_BUGREPORT ""
| #define PACKAGE "mousetrap"
| #define VERSION "0.4"
| #define GETTEXT_PACKAGE "mousetrap"
| /* end confdefs.h.  */
| #include <ac_nonexistent.h>
configure:3971: checking for grep that handles long lines and -e
configure:4031: result: /bin/grep
configure:4036: checking for egrep
configure:4100: result: /bin/grep -E
configure:4105: checking for ANSI C header files
configure:4135: gcc -c -g -O2  conftest.c >&5
configure:4142: $? = 0
configure:4241: gcc -o conftest -g -O2   conftest.c  >&5
configure:4245: $? = 0
configure:4251: ./conftest
configure:4255: $? = 0
configure:4273: result: yes
configure:4297: checking for sys/types.h
configure:4318: gcc -c -g -O2  conftest.c >&5
configure:4325: $? = 0
configure:4342: result: yes
configure:4297: checking for sys/stat.h
configure:4318: gcc -c -g -O2  conftest.c >&5
configure:4325: $? = 0
configure:4342: result: yes
configure:4297: checking for stdlib.h
configure:4318: gcc -c -g -O2  conftest.c >&5
configure:4325: $? = 0
configure:4342: result: yes
configure:4297: checking for string.h
configure:4318: gcc -c -g -O2  conftest.c >&5
configure:4325: $? = 0
configure:4342: result: yes
configure:4297: checking for memory.h
configure:4318: gcc -c -g -O2  conftest.c >&5
configure:4325: $? = 0
configure:4342: result: yes
configure:4297: checking for strings.h
configure:4318: gcc -c -g -O2  conftest.c >&5
configure:4325: $? = 0
configure:4342: result: yes
configure:4297: checking for inttypes.h
configure:4318: gcc -c -g -O2  conftest.c >&5
configure:4325: $? = 0
configure:4342: result: yes
configure:4297: checking for stdint.h
configure:4318: gcc -c -g -O2  conftest.c >&5
configure:4325: $? = 0
configure:4342: result: yes
configure:4297: checking for unistd.h
configure:4318: gcc -c -g -O2  conftest.c >&5
configure:4325: $? = 0
configure:4342: result: yes
configure:4373: checking locale.h usability
configure:4390: gcc -c -g -O2  conftest.c >&5
configure:4397: $? = 0
configure:4411: result: yes
configure:4415: checking locale.h presence
configure:4430: gcc -E  conftest.c
configure:4437: $? = 0
configure:4451: result: yes
configure:4479: checking for locale.h
configure:4488: result: yes
configure:4504: checking for LC_MESSAGES
configure:4530: gcc -o conftest -g -O2   conftest.c  >&5
configure:4537: $? = 0
configure:4557: result: yes
configure:4586: checking libintl.h usability
configure:4603: gcc -c -g -O2  conftest.c >&5
configure:4610: $? = 0
configure:4624: result: yes
configure:4628: checking libintl.h presence
configure:4643: gcc -E  conftest.c
configure:4650: $? = 0
configure:4664: result: yes
configure:4692: checking for libintl.h
configure:4699: result: yes
configure:4710: checking for ngettext in libc
configure:4738: gcc -o conftest -g -O2   conftest.c  >&5
configure:4745: $? = 0
configure:4766: result: yes
configure:4770: checking for dgettext in libc
configure:4798: gcc -o conftest -g -O2   conftest.c  >&5
configure:4805: $? = 0
configure:4826: result: yes
configure:4835: checking for bind_textdomain_codeset
configure:4891: gcc -o conftest -g -O2   conftest.c  >&5
configure:4898: $? = 0
configure:4920: result: yes
configure:5436: checking for msgfmt
configure:5463: result: /usr/bin/msgfmt
configure:5476: checking for dcgettext
configure:5532: gcc -o conftest -g -O2   conftest.c   >&5
conftest.c:48: warning: conflicting types for built-in function 'dcgettext'
configure:5539: $? = 0
configure:5561: result: yes
configure:5574: checking if msgfmt accepts -c
configure:5589: $MSGFMT -c -o /dev/null conftest.foo
configure:5592: $? = 0
configure:5594: result: yes
configure:5604: checking for gmsgfmt
configure:5635: result: /usr/bin/msgfmt
configure:5645: checking for xgettext
configure:5672: result: /usr/bin/xgettext
configure:5701: gcc -o conftest -g -O2   conftest.c   >&5
configure:5708: $? = 0
configure:5943: checking whether NLS is requested
configure:5952: result: yes
configure:5969: checking for intltool >= 0.40.0
configure:5976: result: 0.40.6 found
configure:5986: checking for intltool-update
configure:6004: found /usr/bin/intltool-update
configure:6016: result: /usr/bin/intltool-update
configure:6026: checking for intltool-merge
configure:6044: found /usr/bin/intltool-merge
configure:6056: result: /usr/bin/intltool-merge
configure:6066: checking for intltool-extract
configure:6084: found /usr/bin/intltool-extract
configure:6096: result: /usr/bin/intltool-extract
configure:6229: checking for xgettext
configure:6259: result: /usr/bin/xgettext
configure:6269: checking for msgmerge
configure:6287: found /usr/bin/msgmerge
configure:6299: result: /usr/bin/msgmerge
configure:6309: checking for msgfmt
configure:6339: result: /usr/bin/msgfmt
configure:6349: checking for gmsgfmt
configure:6380: result: /usr/bin/msgfmt
configure:6404: checking for perl
configure:6422: found /usr/bin/perl
configure:6434: result: /usr/bin/perl
configure:6447: checking for perl >= 5.8.1
configure:6456: result: 5.10.0
configure:6460: checking for XML::Parser
configure:6463: result: ok
configure:6678: checking for gcc
configure:6705: result: gcc
configure:6937: checking for C compiler version
configure:6945: gcc --version >&5
gcc (Ubuntu 4.3.3-5ubuntu4) 4.3.3
Copyright (C) 2008 Free Software Foundation, Inc.
This is free software; see the source for copying conditions.  There is NO
warranty; not even for MERCHANTABILITY or FITNESS FOR A PARTICULAR PURPOSE.

configure:6949: $? = 0
configure:6956: gcc -v >&5
Using built-in specs.
Target: i486-linux-gnu
Configured with: ../src/configure -v --with-pkgversion='Ubuntu 4.3.3-5ubuntu4' --with-bugurl=file:///usr/share/doc/gcc-4.3/README.Bugs --enable-languages=c,c++,fortran,objc,obj-c++ --prefix=/usr --enable-shared --with-system-zlib --libexecdir=/usr/lib --without-included-gettext --enable-threads=posix --enable-nls --with-gxx-include-dir=/usr/include/c++/4.3 --program-suffix=-4.3 --enable-clocale=gnu --enable-libstdcxx-debug --enable-objc-gc --enable-mpfr --enable-targets=all --with-tune=generic --enable-checking=release --build=i486-linux-gnu --host=i486-linux-gnu --target=i486-linux-gnu
Thread model: posix
gcc version 4.3.3 (Ubuntu 4.3.3-5ubuntu4) 
configure:6960: $? = 0
configure:6967: gcc -V >&5
gcc: '-V' option must have argument
configure:6971: $? = 1
configure:6974: checking whether we are using the GNU C compiler
configure:7027: result: yes
configure:7036: checking whether gcc accepts -g
configure:7174: result: yes
configure:7191: checking for gcc option to accept ISO C89
configure:7295: result: none needed
configure:7315: checking dependency style of gcc
configure:7406: result: none
configure:7435: checking for a BSD-compatible install
configure:7503: result: /usr/bin/install -c
configure:7514: checking for library containing strerror
configure:7555: gcc -o conftest -g -O2   conftest.c  >&5
configure:7562: $? = 0
configure:7593: result: none required
configure:7664: checking build system type
configure:7682: result: i686-pc-linux-gnu
configure:7704: checking host system type
configure:7719: result: i686-pc-linux-gnu
configure:7741: checking for a sed that does not truncate output
configure:7807: result: /bin/sed
configure:7825: checking for fgrep
configure:7889: result: /bin/grep -F
configure:7924: checking for ld used by gcc
configure:7991: result: /usr/bin/ld
configure:8000: checking if the linker (/usr/bin/ld) is GNU ld
configure:8015: result: yes
configure:8027: checking for BSD- or MS-compatible name lister (nm)
configure:8076: result: /usr/bin/nm -B
configure:8194: checking the name lister (/usr/bin/nm -B) interface
configure:8201: gcc -c -g -O2  conftest.c >&5
configure:8204: /usr/bin/nm -B "conftest.o"
configure:8207: output
00000000 B some_variable
configure:8214: result: BSD nm
configure:8217: checking whether ln -s works
configure:8221: result: yes
configure:8229: checking the maximum length of command line arguments
configure:8349: result: 1572864
configure:8366: checking whether the shell understands some XSI constructs
configure:8376: result: yes
configure:8380: checking whether the shell understands "+="
configure:8386: result: yes
configure:8421: checking for /usr/bin/ld option to reload object files
configure:8428: result: -r
configure:8497: checking for objdump
configure:8513: found /usr/bin/objdump
configure:8524: result: objdump
configure:8556: checking how to recognize dependent libraries
configure:8752: result: pass_all
configure:8812: checking for ar
configure:8828: found /usr/bin/ar
configure:8839: result: ar
configure:8917: checking for strip
configure:8933: found /usr/bin/strip
configure:8944: result: strip
configure:9016: checking for ranlib
configure:9032: found /usr/bin/ranlib
configure:9043: result: ranlib
configure:9133: checking command to parse /usr/bin/nm -B output from gcc object
configure:9251: gcc -c -g -O2  conftest.c >&5
configure:9254: $? = 0
configure:9258: /usr/bin/nm -B conftest.o \| sed -n -e 's/^.*[	 ]\([ABCDGIRSTW][ABCDGIRSTW]*\)[	 ][	 ]*\([_A-Za-z][_A-Za-z0-9]*\)$/\1 \2 \2/p' \> conftest.nm
configure:9261: $? = 0
configure:9315: gcc -o conftest -g -O2   conftest.c conftstm.o >&5
configure:9318: $? = 0
configure:9356: result: ok
configure:10221: checking for dlfcn.h
configure:10242: gcc -c -g -O2  conftest.c >&5
configure:10249: $? = 0
configure:10266: result: yes
configure:10422: checking for objdir
configure:10437: result: .libs
configure:10729: checking if gcc supports -fno-rtti -fno-exceptions
configure:10747: gcc -c -g -O2  -fno-rtti -fno-exceptions conftest.c >&5
cc1: warning: command line option "-fno-rtti" is valid for C++/ObjC++ but not for C
configure:10751: $? = 0
configure:10764: result: no
configure:10784: checking for gcc option to produce PIC
configure:11056: result: -fPIC -DPIC
configure:11068: checking if gcc PIC flag -fPIC -DPIC works
configure:11086: gcc -c -g -O2  -fPIC -DPIC -DPIC conftest.c >&5
configure:11090: $? = 0
configure:11103: result: yes
configure:11127: checking if gcc static flag -static works
configure:11155: result: yes
configure:11170: checking if gcc supports -c -o file.o
configure:11191: gcc -c -g -O2  -o out/conftest2.o conftest.c >&5
configure:11195: $? = 0
configure:11217: result: yes
configure:11225: checking if gcc supports -c -o file.o
configure:11272: result: yes
configure:11305: checking whether the gcc linker (/usr/bin/ld) supports shared libraries
configure:12380: result: yes
configure:12417: checking whether -lc should be explicitly linked in
configure:12422: gcc -c -g -O2  conftest.c >&5
configure:12425: $? = 0
configure:12440: gcc -shared conftest.o  -v -Wl,-soname -Wl,conftest -o conftest 2\>\&1 \| /bin/grep  -lc  \>/dev/null 2\>\&1
configure:12443: $? = 0
configure:12455: result: no
configure:12619: checking dynamic linker characteristics
configure:13062: gcc -o conftest -g -O2   -Wl,-rpath -Wl,/foo conftest.c  >&5
configure:13069: $? = 0
configure:13314: result: GNU/Linux ld.so
configure:13416: checking how to hardcode library paths into programs
configure:13441: result: immediate
configure:14274: checking whether stripping libraries is possible
configure:14279: result: yes
configure:14314: checking if libtool supports shared libraries
configure:14316: result: yes
configure:14319: checking whether to build shared libraries
configure:14340: result: yes
configure:14343: checking whether to build static libraries
configure:14347: result: no
configure:14417: checking for a Python interpreter with version >= 2.6
configure:14432: python -c import sys, string # split strings by '.' and convert to numeric. Append some zeros # because we need at least 4 digits for the hex conversion. minver = map(int, string.split('2.6', '.')) + [0, 0, 0] minverhex = 0 for i in xrange(0, 4): minverhex = (minverhex << 8) + minver[i] sys.exit(sys.hexversion < minverhex)
configure:14435: $? = 0
configure:14442: result: python
configure:14450: checking for python
configure:14468: found /usr/bin/python
configure:14480: result: /usr/bin/python
configure:14500: checking for python version
configure:14507: result: 2.6
configure:14519: checking for python platform
configure:14526: result: linux2
configure:14533: checking for python script directory
configure:14547: result: /usr/lib/python2.6/dist-packages
configure:14556: checking for python extension module directory
configure:14570: result: /usr/lib/python2.6/dist-packages
configure:14587: checking for headers required to compile python extensions
configure:14611: gcc -E  -I/usr/include/python2.6 conftest.c
configure:14618: $? = 0
configure:14623: result: found
configure:14645: checking for python module gettext
configure:14671: result: yes
configure:14683: checking for python module getopt
configure:14709: result: yes
configure:14721: checking for python module Xlib
configure:14747: result: yes
configure:14759: checking for python module pyatspi
configure:14785: result: yes
configure:14797: checking for python module opencv
configure:14823: result: yes
configure:15177: creating ./config.status

## ---------------------- ##
## Running config.status. ##
## ---------------------- ##

This file was extended by config.status, which was
generated by GNU Autoconf 2.63.  Invocation command line was

  CONFIG_FILES    = 
  CONFIG_HEADERS  = 
  CONFIG_LINKS    = 
  CONFIG_COMMANDS = 
  $ ./config.status 

on ubuntu

config.status:1104: creating run_pylint.sh
config.status:1104: creating Makefile
config.status:1104: creating mousetrap.desktop
config.status:1104: creating po/Makefile.in
config.status:1104: creating docs/Makefile
config.status:1104: creating docs/man/Makefile
config.status:1104: creating docs/pydoc/Makefile
config.status:1104: creating docs/docbook/Makefile
config.status:1104: creating docs/doxygen/Makefile
config.status:1104: creating docs/doxygen/Doxyfile
config.status:1104: creating images/Makefile
config.status:1104: creating src/Makefile
config.status:1104: creating src/mousetrap/Makefile
config.status:1104: creating src/mousetrap/mousetrap
config.status:1104: creating src/mousetrap/environment.py
config.status:1104: creating src/mousetrap/lib/Makefile
config.status:1104: creating src/mousetrap/ui/Makefile
config.status:1104: creating src/mousetrap/ui/i18n.py
config.status:1104: creating src/mousetrap/ui/scripts/Makefile
config.status:1104: creating src/mousetrap/addons/Makefile
config.status:1104: creating src/ocvfw/Makefile
config.status:1104: creating src/ocvfw/dev/Makefile
config.status:1104: creating src/ocvfw/idm/Makefile
config.status:1104: creating src/ocvfw/haars/Makefile
config.status:1104: creating config.h
config.status:1326: config.h is unchanged
config.status:1378: executing depfiles commands
config.status:1378: executing default-1 commands
config.status:1378: executing libtool commands
config.status:1378: executing default commands
config.status:1378: executing po/stamp-it commands

## ---------------- ##
## Cache variables. ##
## ---------------- ##

ac_cv_build=i686-pc-linux-gnu
ac_cv_c_compiler_gnu=yes
ac_cv_env_CC_set=
ac_cv_env_CC_value=
ac_cv_env_CFLAGS_set=
ac_cv_env_CFLAGS_value=
ac_cv_env_CPPFLAGS_set=
ac_cv_env_CPPFLAGS_value=
ac_cv_env_CPP_set=
ac_cv_env_CPP_value=
ac_cv_env_LDFLAGS_set=
ac_cv_env_LDFLAGS_value=
ac_cv_env_LIBS_set=
ac_cv_env_LIBS_value=
ac_cv_env_build_alias_set=
ac_cv_env_build_alias_value=
ac_cv_env_host_alias_set=
ac_cv_env_host_alias_value=
ac_cv_env_target_alias_set=
ac_cv_env_target_alias_value=
ac_cv_func_bind_textdomain_codeset=yes
ac_cv_func_dcgettext=yes
ac_cv_header_dlfcn_h=yes
ac_cv_header_inttypes_h=yes
ac_cv_header_libintl_h=yes
ac_cv_header_locale_h=yes
ac_cv_header_memory_h=yes
ac_cv_header_stdc=yes
ac_cv_header_stdint_h=yes
ac_cv_header_stdlib_h=yes
ac_cv_header_string_h=yes
ac_cv_header_strings_h=yes
ac_cv_header_sys_stat_h=yes
ac_cv_header_sys_types_h=yes
ac_cv_header_unistd_h=yes
ac_cv_host=i686-pc-linux-gnu
ac_cv_objext=o
ac_cv_path_EGREP='/bin/grep -E'
ac_cv_path_FGREP='/bin/grep -F'
ac_cv_path_GMSGFMT=/usr/bin/msgfmt
ac_cv_path_GREP=/bin/grep
ac_cv_path_INTLTOOL_EXTRACT=/usr/bin/intltool-extract
ac_cv_path_INTLTOOL_MERGE=/usr/bin/intltool-merge
ac_cv_path_INTLTOOL_PERL=/usr/bin/perl
ac_cv_path_INTLTOOL_UPDATE=/usr/bin/intltool-update
ac_cv_path_MSGFMT=/usr/bin/msgfmt
ac_cv_path_MSGMERGE=/usr/bin/msgmerge
ac_cv_path_PYTHON=/usr/bin/python
ac_cv_path_SED=/bin/sed
ac_cv_path_XGETTEXT=/usr/bin/xgettext
ac_cv_path_install='/usr/bin/install -c'
ac_cv_path_mkdir=/bin/mkdir
ac_cv_prog_AWK=mawk
ac_cv_prog_CPP='gcc -E'
ac_cv_prog_ac_ct_AR=ar
ac_cv_prog_ac_ct_CC=gcc
ac_cv_prog_ac_ct_OBJDUMP=objdump
ac_cv_prog_ac_ct_RANLIB=ranlib
ac_cv_prog_ac_ct_STRIP=strip
ac_cv_prog_cc_c89=
ac_cv_prog_cc_g=yes
ac_cv_prog_make_make_set=yes
ac_cv_search_strerror='none required'
am_cv_CC_dependencies_compiler_type=none
am_cv_pathless_PYTHON=python
am_cv_python_platform=linux2
am_cv_python_pyexecdir=/usr/lib/python2.6/dist-packages
am_cv_python_pythondir=/usr/lib/python2.6/dist-packages
am_cv_python_version=2.6
am_cv_val_LC_MESSAGES=yes
gt_cv_func_dgettext_libc=yes
gt_cv_func_dgettext_libintl=no
gt_cv_func_ngettext_libc=yes
gt_cv_have_gettext=yes
lt_cv_deplibs_check_method=pass_all
lt_cv_file_magic_cmd='$MAGIC_CMD'
lt_cv_file_magic_test_file=
lt_cv_ld_reload_flag=-r
lt_cv_nm_interface='BSD nm'
lt_cv_objdir=.libs
lt_cv_path_LD=/usr/bin/ld
lt_cv_path_NM='/usr/bin/nm -B'
lt_cv_prog_compiler_c_o=yes
lt_cv_prog_compiler_pic_works=yes
lt_cv_prog_compiler_rtti_exceptions=no
lt_cv_prog_compiler_static_works=yes
lt_cv_prog_gnu_ld=yes
lt_cv_sys_global_symbol_pipe='sed -n -e '\''s/^.*[	 ]\([ABCDGIRSTW][ABCDGIRSTW]*\)[	 ][	 ]*\([_A-Za-z][_A-Za-z0-9]*\)$/\1 \2 \2/p'\'''
lt_cv_sys_global_symbol_to_c_name_address='sed -n -e '\''s/^: \([^ ]*\) $/  {\"\1\", (void *) 0},/p'\'' -e '\''s/^[ABCDGIRSTW]* \([^ ]*\) \([^ ]*\)$/  {"\2", (void *) \&\2},/p'\'''
lt_cv_sys_global_symbol_to_c_name_address_lib_prefix='sed -n -e '\''s/^: \([^ ]*\) $/  {\"\1\", (void *) 0},/p'\'' -e '\''s/^[ABCDGIRSTW]* \([^ ]*\) \(lib[^ ]*\)$/  {"\2", (void *) \&\2},/p'\'' -e '\''s/^[ABCDGIRSTW]* \([^ ]*\) \([^ ]*\)$/  {"lib\2", (void *) \&\2},/p'\'''
lt_cv_sys_global_symbol_to_cdecl='sed -n -e '\''s/^T .* \(.*\)$/extern int \1();/p'\'' -e '\''s/^[ABCDGIRSTW]* .* \(.*\)$/extern char \1;/p'\'''
lt_cv_sys_max_cmd_len=1572864
py_cv_mod_Xlib_=yes
py_cv_mod_getopt_=yes
py_cv_mod_gettext_=yes
py_cv_mod_opencv_=yes
py_cv_mod_pyatspi_=yes

## ----------------- ##
## Output variables. ##
## ----------------- ##

ACLOCAL='${SHELL} /home/rfoeckin/apps/mousetrap/missing --run aclocal-1.10'
ALL_LINGUAS=''
AMDEPBACKSLASH='\'
AMDEP_FALSE='#'
AMDEP_TRUE=''
AMTAR='${SHELL} /home/rfoeckin/apps/mousetrap/missing --run tar'
AR='ar'
AUTOCONF='${SHELL} /home/rfoeckin/apps/mousetrap/missing --run autoconf'
AUTOHEADER='${SHELL} /home/rfoeckin/apps/mousetrap/missing --run autoheader'
AUTOMAKE='${SHELL} /home/rfoeckin/apps/mousetrap/missing --run automake-1.10'
AWK='mawk'
CATALOGS=''
CATOBJEXT='.gmo'
CC='gcc'
CCDEPMODE='depmode=none'
CFLAGS='-g -O2'
CPP='gcc -E'
CPPFLAGS=''
CURRENT_DIR='/home/rfoeckin/apps/mousetrap'
CYGPATH_W='echo'
DATADIRNAME='share'
DEFS='-DHAVE_CONFIG_H'
DEPDIR='.deps'
DSYMUTIL=''
DUMPBIN=''
ECHO_C=''
ECHO_N='-n'
ECHO_T=''
EGREP='/bin/grep -E'
ENABLE_DOCBOOK_FALSE=''
ENABLE_DOCBOOK_TRUE='#'
ENABLE_DOXYGEN_FALSE=''
ENABLE_DOXYGEN_TRUE='#'
ENABLE_PYDOC_FALSE=''
ENABLE_PYDOC_TRUE='#'
EXEEXT=''
FGREP='/bin/grep -F'
GETTEXT_PACKAGE='mousetrap'
GMOFILES=''
GMSGFMT='/usr/bin/msgfmt'
GREP='/bin/grep'
INSTALL_DATA='${INSTALL} -m 644'
INSTALL_PROGRAM='${INSTALL}'
INSTALL_SCRIPT='${INSTALL}'
INSTALL_STRIP_PROGRAM='$(install_sh) -c -s'
INSTOBJEXT='.mo'
INTLLIBS=''
INTLTOOL_CAVES_RULE='%.caves:     %.caves.in     $(INTLTOOL_MERGE) $(wildcard $(top_srcdir)/po/*.po) ; LC_ALL=C $(INTLTOOL_MERGE) -d -u -c $(top_builddir)/po/.intltool-merge-cache $(top_srcdir)/po $< $@'
INTLTOOL_DESKTOP_RULE='%.desktop:   %.desktop.in   $(INTLTOOL_MERGE) $(wildcard $(top_srcdir)/po/*.po) ; LC_ALL=C $(INTLTOOL_MERGE) -d -u -c $(top_builddir)/po/.intltool-merge-cache $(top_srcdir)/po $< $@'
INTLTOOL_DIRECTORY_RULE='%.directory: %.directory.in $(INTLTOOL_MERGE) $(wildcard $(top_srcdir)/po/*.po) ; LC_ALL=C $(INTLTOOL_MERGE) -d -u -c $(top_builddir)/po/.intltool-merge-cache $(top_srcdir)/po $< $@'
INTLTOOL_EXTRACT='/usr/bin/intltool-extract'
INTLTOOL_KBD_RULE='%.kbd:       %.kbd.in       $(INTLTOOL_MERGE) $(wildcard $(top_srcdir)/po/*.po) ; LC_ALL=C $(INTLTOOL_MERGE) -x -u -m -c $(top_builddir)/po/.intltool-merge-cache $(top_srcdir)/po $< $@'
INTLTOOL_KEYS_RULE='%.keys:      %.keys.in      $(INTLTOOL_MERGE) $(wildcard $(top_srcdir)/po/*.po) ; LC_ALL=C $(INTLTOOL_MERGE) -k -u -c $(top_builddir)/po/.intltool-merge-cache $(top_srcdir)/po $< $@'
INTLTOOL_MERGE='/usr/bin/intltool-merge'
INTLTOOL_OAF_RULE='%.oaf:       %.oaf.in       $(INTLTOOL_MERGE) $(wildcard $(top_srcdir)/po/*.po) ; LC_ALL=C $(INTLTOOL_MERGE) -o -p $(top_srcdir)/po $< $@'
INTLTOOL_PERL='/usr/bin/perl'
INTLTOOL_POLICY_RULE='%.policy:    %.policy.in    $(INTLTOOL_MERGE) $(wildcard $(top_srcdir)/po/*.po) ; LC_ALL=C $(INTLTOOL_MERGE) -x -u -c $(top_builddir)/po/.intltool-merge-cache $(top_srcdir)/po $< $@'
INTLTOOL_PONG_RULE='%.pong:      %.pong.in      $(INTLTOOL_MERGE) $(wildcard $(top_srcdir)/po/*.po) ; LC_ALL=C $(INTLTOOL_MERGE) -x -u -c $(top_builddir)/po/.intltool-merge-cache $(top_srcdir)/po $< $@'
INTLTOOL_PROP_RULE='%.prop:      %.prop.in      $(INTLTOOL_MERGE) $(wildcard $(top_srcdir)/po/*.po) ; LC_ALL=C $(INTLTOOL_MERGE) -d -u -c $(top_builddir)/po/.intltool-merge-cache $(top_srcdir)/po $< $@'
INTLTOOL_SCHEMAS_RULE='%.schemas:   %.schemas.in   $(INTLTOOL_MERGE) $(wildcard $(top_srcdir)/po/*.po) ; LC_ALL=C $(INTLTOOL_MERGE) -s -u -c $(top_builddir)/po/.intltool-merge-cache $(top_srcdir)/po $< $@'
INTLTOOL_SERVER_RULE='%.server:    %.server.in    $(INTLTOOL_MERGE) $(wildcard $(top_srcdir)/po/*.po) ; LC_ALL=C $(INTLTOOL_MERGE) -o -u -c $(top_builddir)/po/.intltool-merge-cache $(top_srcdir)/po $< $@'
INTLTOOL_SERVICE_RULE='%.service: %.service.in   $(INTLTOOL_MERGE) $(wildcard $(top_srcdir)/po/*.po) ; LC_ALL=C $(INTLTOOL_MERGE) -d -u -c $(top_builddir)/po/.intltool-merge-cache $(top_srcdir)/po $< $@'
INTLTOOL_SHEET_RULE='%.sheet:     %.sheet.in     $(INTLTOOL_MERGE) $(wildcard $(top_srcdir)/po/*.po) ; LC_ALL=C $(INTLTOOL_MERGE) -x -u -c $(top_builddir)/po/.intltool-merge-cache $(top_srcdir)/po $< $@'
INTLTOOL_SOUNDLIST_RULE='%.soundlist: %.soundlist.in $(INTLTOOL_MERGE) $(wildcard $(top_srcdir)/po/*.po) ; LC_ALL=C $(INTLTOOL_MERGE) -d -u -c $(top_builddir)/po/.intltool-merge-cache $(top_srcdir)/po $< $@'
INTLTOOL_THEME_RULE='%.theme:     %.theme.in     $(INTLTOOL_MERGE) $(wildcard $(top_srcdir)/po/*.po) ; LC_ALL=C $(INTLTOOL_MERGE) -d -u -c $(top_builddir)/po/.intltool-merge-cache $(top_srcdir)/po $< $@'
INTLTOOL_UI_RULE='%.ui:        %.ui.in        $(INTLTOOL_MERGE) $(wildcard $(top_srcdir)/po/*.po) ; LC_ALL=C $(INTLTOOL_MERGE) -x -u -c $(top_builddir)/po/.intltool-merge-cache $(top_srcdir)/po $< $@'
INTLTOOL_UPDATE='/usr/bin/intltool-update'
INTLTOOL_XAM_RULE='%.xam:       %.xml.in       $(INTLTOOL_MERGE) $(wildcard $(top_srcdir)/po/*.po) ; LC_ALL=C $(INTLTOOL_MERGE) -x -u -c $(top_builddir)/po/.intltool-merge-cache $(top_srcdir)/po $< $@'
INTLTOOL_XML_NOMERGE_RULE='%.xml:       %.xml.in       $(INTLTOOL_MERGE) ; LC_ALL=C $(INTLTOOL_MERGE) -x -u /tmp $< $@'
INTLTOOL_XML_RULE='%.xml:       %.xml.in       $(INTLTOOL_MERGE) $(wildcard $(top_srcdir)/po/*.po) ; LC_ALL=C $(INTLTOOL_MERGE) -x -u -c $(top_builddir)/po/.intltool-merge-cache $(top_srcdir)/po $< $@'
LD='/usr/bin/ld'
LDFLAGS=''
LIBOBJS=''
LIBS=''
LIBTOOL='$(SHELL) $(top_builddir)/libtool'
LIPO=''
LN_S='ln -s'
LTLIBOBJS=''
LT_AGE='0'
LT_CURRENT='0'
LT_RELEASE=''
LT_REVISION='0'
LT_VERSION_INFO='-version-info ${LT_CURRENT}:${LT_REVISION}:${LT_AGE}'
MAINT=''
MAINTAINER_MODE_FALSE='#'
MAINTAINER_MODE_TRUE=''
MAKEINFO='${SHELL} /home/rfoeckin/apps/mousetrap/missing --run makeinfo'
MKDIR_P='/bin/mkdir -p'
MKINSTALLDIRS='./mkinstalldirs'
MOUSETRAP_VERSION='0.4'
MSGFMT='/usr/bin/msgfmt'
MSGFMT_OPTS='-c'
MSGMERGE='/usr/bin/msgmerge'
NM='/usr/bin/nm -B'
NMEDIT=''
OBJDUMP='objdump'
OBJEXT='o'
OTOOL64=''
OTOOL=''
PACKAGE='mousetrap'
PACKAGE_BUGREPORT=''
PACKAGE_NAME=''
PACKAGE_STRING=''
PACKAGE_TARNAME=''
PACKAGE_VERSION=''
PATH_SEPARATOR=':'
POFILES=''
POSUB='po'
PO_IN_DATADIR_FALSE=''
PO_IN_DATADIR_TRUE=''
PYTHON='/usr/bin/python'
PYTHON_EXEC_PREFIX='${exec_prefix}'
PYTHON_INCLUDES='-I/usr/include/python2.6'
PYTHON_PLATFORM='linux2'
PYTHON_PREFIX='${prefix}'
PYTHON_VERSION='2.6'
RANLIB='ranlib'
SED='/bin/sed'
SET_MAKE=''
SHELL='/bin/bash'
STRIP='strip'
USE_NLS='yes'
VERSION='0.4'
WITH_LOUIS_FALSE=''
WITH_LOUIS_TRUE='#'
XGETTEXT='/usr/bin/xgettext'
ac_ct_CC='gcc'
ac_ct_DUMPBIN=''
am__fastdepCC_FALSE=''
am__fastdepCC_TRUE='#'
am__include='include'
am__isrc=''
am__leading_dot='.'
am__quote=''
am__tar='${AMTAR} chof - "$$tardir"'
am__untar='${AMTAR} xf -'
bindir='${exec_prefix}/bin'
build='i686-pc-linux-gnu'
build_alias=''
build_cpu='i686'
build_os='linux-gnu'
build_vendor='pc'
datadir='${datarootdir}'
datarootdir='${prefix}/share'
docdir='${datarootdir}/doc/${PACKAGE}'
dvidir='${docdir}'
exec_prefix='${prefix}'
host='i686-pc-linux-gnu'
host_alias=''
host_cpu='i686'
host_os='linux-gnu'
host_vendor='pc'
htmldir='${docdir}'
includedir='${prefix}/include'
infodir='${datarootdir}/info'
install_sh='$(SHELL) /home/rfoeckin/apps/mousetrap/install-sh'
libdir='${exec_prefix}/lib'
libexecdir='${exec_prefix}/libexec'
localedir='${datarootdir}/locale'
localstatedir='${prefix}/var'
lt_ECHO='echo'
mandir='${datarootdir}/man'
mkdir_p='/bin/mkdir -p'
mousetrap_CFLAGS=''
mousetrap_LIBS=''
oldincludedir='/usr/include'
pdfdir='${docdir}'
pkgpyexecdir='${pyexecdir}/mousetrap'
pkgpythondir='${pythondir}/mousetrap'
prefix='/usr/local'
program_transform_name='s,x,x,'
psdir='${docdir}'
pyexecdir='/usr/lib/python2.6/dist-packages'
pythondir='/usr/lib/python2.6/dist-packages'
sbindir='${exec_prefix}/sbin'
sharedstatedir='${prefix}/com'
sysconfdir='${prefix}/etc'
target_alias=''

## ----------- ##
## confdefs.h. ##
## ----------- ##

#define PACKAGE_NAME ""
#define PACKAGE_TARNAME ""
#define PACKAGE_VERSION ""
#define PACKAGE_STRING ""
#define PACKAGE_BUGREPORT ""
#define PACKAGE "mousetrap"
#define VERSION "0.4"
#define GETTEXT_PACKAGE "mousetrap"
#define STDC_HEADERS 1
#define HAVE_SYS_TYPES_H 1
#define HAVE_SYS_STAT_H 1
#define HAVE_STDLIB_H 1
#define HAVE_STRING_H 1
#define HAVE_MEMORY_H 1
#define HAVE_STRINGS_H 1
#define HAVE_INTTYPES_H 1
#define HAVE_STDINT_H 1
#define HAVE_UNISTD_H 1
#define HAVE_LOCALE_H 1
#define HAVE_LC_MESSAGES 1
#define HAVE_BIND_TEXTDOMAIN_CODESET 1
#define HAVE_GETTEXT 1
#define HAVE_DCGETTEXT 1
#define ENABLE_NLS 1
#define HAVE_DLFCN_H 1
#define LT_OBJDIR ".libs/"

configure: exit 0

## ---------------------- ##
## Running config.status. ##
## ---------------------- ##

This file was extended by config.status, which was
generated by GNU Autoconf 2.63.  Invocation command line was

  CONFIG_FILES    = 
  CONFIG_HEADERS  = 
  CONFIG_LINKS    = 
  CONFIG_COMMANDS = 
  $ ./config.status src/mousetrap/addons/Makefile

on ubuntu

config.status:1104: creating src/mousetrap/addons/Makefile
